<?xml version="1.0" encoding="utf-8"?>
<!DOCTYPE coverage SYSTEM "http://cobertura.sourceforge.net/xml/coverage-04.dtd">
<coverage line-rate="0.340892465252377" branch-rate="0.287383177570093" lines-covered="466" lines-valid="1367" branches-covered="123" branches-valid="428" complexity="540" version="0" timestamp="1673755470">
  <sources>
    <source>C:\Users\VsemPK\</source>
    <source>D:\КПІ\NET\Project\</source>
  </sources>
  <packages>
    <package name="Lab3_BLL" line-rate="0" branch-rate="0" complexity="65">
      <classes>
        <class name="Lab3_BLL.BLL" filename="C:\Users\VsemPK\source\repos\Lab3_DAL\Lab3_BLL\BLL.cs" line-rate="0" branch-rate="0" complexity="65">
          <methods>
            <method name="AddCard" signature="(...)" line-rate="0" branch-rate="1" complexity="1">
              <lines>
                <line number="12" hits="0" branch="false" />
                <line number="13" hits="0" branch="false" />
                <line number="14" hits="0" branch="false" />
                <line number="17" hits="0" branch="false" />
                <line number="18" hits="0" branch="false" />
                <line number="19" hits="0" branch="false" />
                <line number="20" hits="0" branch="false" />
                <line number="21" hits="0" branch="false" />
                <line number="22" hits="0" branch="false" />
                <line number="24" hits="0" branch="false" />
                <line number="25" hits="0" branch="false" />
              </lines>
            </method>
            <method name="RemoveCard" signature="(...)" line-rate="0" branch-rate="0" complexity="4">
              <lines>
                <line number="28" hits="0" branch="false" />
                <line number="29" hits="0" branch="false" />
                <line number="30" hits="0" branch="false" />
                <line number="32" hits="0" branch="true" condition-coverage="0% (0/2)" />
                <line number="33" hits="0" branch="false" />
                <line number="34" hits="0" branch="true" condition-coverage="0% (0/2)" />
                <line number="35" hits="0" branch="false" />
                <line number="36" hits="0" branch="false" />
                <line number="38" hits="0" branch="false" />
                <line number="39" hits="0" branch="false" />
                <line number="41" hits="0" branch="false" />
                <line number="42" hits="0" branch="false" />
                <line number="43" hits="0" branch="false" />
                <line number="44" hits="0" branch="false" />
                <line number="45" hits="0" branch="false" />
                <line number="47" hits="0" branch="false" />
                <line number="48" hits="0" branch="false" />
              </lines>
            </method>
            <method name="ShowCard" signature="()" line-rate="0" branch-rate="1" complexity="1">
              <lines>
                <line number="51" hits="0" branch="false" />
                <line number="52" hits="0" branch="false" />
                <line number="54" hits="0" branch="false" />
                <line number="56" hits="0" branch="false" />
                <line number="57" hits="0" branch="false" />
              </lines>
            </method>
            <method name="MakeTransfer" signature="(...)" line-rate="0" branch-rate="0" complexity="8">
              <lines>
                <line number="60" hits="0" branch="false" />
                <line number="61" hits="0" branch="false" />
                <line number="63" hits="0" branch="false" />
                <line number="64" hits="0" branch="false" />
                <line number="66" hits="0" branch="false" />
                <line number="68" hits="0" branch="true" condition-coverage="0% (0/2)" />
                <line number="69" hits="0" branch="false" />
                <line number="70" hits="0" branch="true" condition-coverage="0% (0/2)" />
                <line number="71" hits="0" branch="false" />
                <line number="72" hits="0" branch="false" />
                <line number="73" hits="0" branch="false" />
                <line number="74" hits="0" branch="true" condition-coverage="0% (0/2)" />
                <line number="75" hits="0" branch="false" />
                <line number="76" hits="0" branch="false" />
                <line number="77" hits="0" branch="false" />
                <line number="78" hits="0" branch="false" />
                <line number="79" hits="0" branch="true" condition-coverage="0% (0/2)" />
                <line number="80" hits="0" branch="false" />
                <line number="81" hits="0" branch="false" />
                <line number="82" hits="0" branch="false" />
                <line number="83" hits="0" branch="false" />
                <line number="84" hits="0" branch="false" />
                <line number="85" hits="0" branch="false" />
                <line number="87" hits="0" branch="false" />
                <line number="88" hits="0" branch="false" />
                <line number="89" hits="0" branch="false" />
                <line number="90" hits="0" branch="false" />
                <line number="91" hits="0" branch="false" />
                <line number="93" hits="0" branch="false" />
                <line number="94" hits="0" branch="false" />
              </lines>
            </method>
            <method name="MakeTransferFor2Crads" signature="(...)" line-rate="0" branch-rate="0" complexity="8">
              <lines>
                <line number="97" hits="0" branch="false" />
                <line number="98" hits="0" branch="false" />
                <line number="100" hits="0" branch="false" />
                <line number="101" hits="0" branch="false" />
                <line number="103" hits="0" branch="false" />
                <line number="105" hits="0" branch="true" condition-coverage="0% (0/2)" />
                <line number="106" hits="0" branch="false" />
                <line number="107" hits="0" branch="true" condition-coverage="0% (0/2)" />
                <line number="108" hits="0" branch="false" />
                <line number="109" hits="0" branch="true" condition-coverage="0% (0/2)" />
                <line number="110" hits="0" branch="false" />
                <line number="111" hits="0" branch="true" condition-coverage="0% (0/2)" />
                <line number="112" hits="0" branch="false" />
                <line number="113" hits="0" branch="false" />
                <line number="114" hits="0" branch="false" />
                <line number="116" hits="0" branch="false" />
                <line number="117" hits="0" branch="false" />
                <line number="119" hits="0" branch="false" />
                <line number="120" hits="0" branch="false" />
                <line number="122" hits="0" branch="false" />
                <line number="123" hits="0" branch="false" />
                <line number="124" hits="0" branch="false" />
                <line number="125" hits="0" branch="false" />
                <line number="126" hits="0" branch="false" />
                <line number="127" hits="0" branch="false" />
                <line number="129" hits="0" branch="false" />
                <line number="130" hits="0" branch="false" />
                <line number="131" hits="0" branch="false" />
                <line number="132" hits="0" branch="false" />
                <line number="133" hits="0" branch="false" />
                <line number="135" hits="0" branch="false" />
                <line number="136" hits="0" branch="false" />
              </lines>
            </method>
            <method name="AddArticle" signature="(...)" line-rate="0" branch-rate="1" complexity="1">
              <lines>
                <line number="139" hits="0" branch="false" />
                <line number="140" hits="0" branch="false" />
                <line number="142" hits="0" branch="false" />
                <line number="144" hits="0" branch="false" />
                <line number="145" hits="0" branch="false" />
                <line number="146" hits="0" branch="false" />
                <line number="147" hits="0" branch="false" />
                <line number="148" hits="0" branch="false" />
                <line number="149" hits="0" branch="false" />
                <line number="151" hits="0" branch="false" />
                <line number="152" hits="0" branch="false" />
              </lines>
            </method>
            <method name="UseArticle" signature="(...)" line-rate="0" branch-rate="0" complexity="12">
              <lines>
                <line number="155" hits="0" branch="false" />
                <line number="156" hits="0" branch="false" />
                <line number="158" hits="0" branch="false" />
                <line number="159" hits="0" branch="false" />
                <line number="161" hits="0" branch="true" condition-coverage="0% (0/2)" />
                <line number="162" hits="0" branch="false" />
                <line number="163" hits="0" branch="true" condition-coverage="0% (0/2)" />
                <line number="164" hits="0" branch="false" />
                <line number="165" hits="0" branch="true" condition-coverage="0% (0/2)" />
                <line number="166" hits="0" branch="false" />
                <line number="167" hits="0" branch="true" condition-coverage="0% (0/2)" />
                <line number="168" hits="0" branch="false" />
                <line number="169" hits="0" branch="false" />
                <line number="170" hits="0" branch="false" />
                <line number="171" hits="0" branch="false" />
                <line number="172" hits="0" branch="false" />
                <line number="174" hits="0" branch="false" />
                <line number="176" hits="0" branch="true" condition-coverage="0% (0/2)" />
                <line number="177" hits="0" branch="false" />
                <line number="178" hits="0" branch="false" />
                <line number="179" hits="0" branch="false" />
                <line number="180" hits="0" branch="false" />
                <line number="181" hits="0" branch="true" condition-coverage="0% (0/2)" />
                <line number="182" hits="0" branch="false" />
                <line number="183" hits="0" branch="false" />
                <line number="184" hits="0" branch="false" />
                <line number="185" hits="0" branch="false" />
                <line number="186" hits="0" branch="false" />
                <line number="187" hits="0" branch="false" />
                <line number="188" hits="0" branch="false" />
                <line number="189" hits="0" branch="false" />
                <line number="190" hits="0" branch="false" />
                <line number="191" hits="0" branch="false" />
              </lines>
            </method>
            <method name="ShowArticle" signature="()" line-rate="0" branch-rate="1" complexity="1">
              <lines>
                <line number="194" hits="0" branch="false" />
                <line number="195" hits="0" branch="false" />
                <line number="197" hits="0" branch="false" />
                <line number="199" hits="0" branch="false" />
                <line number="200" hits="0" branch="false" />
              </lines>
            </method>
            <method name="RemoveArticle" signature="(...)" line-rate="0" branch-rate="0" complexity="4">
              <lines>
                <line number="203" hits="0" branch="false" />
                <line number="204" hits="0" branch="false" />
                <line number="206" hits="0" branch="false" />
                <line number="208" hits="0" branch="true" condition-coverage="0% (0/2)" />
                <line number="209" hits="0" branch="false" />
                <line number="210" hits="0" branch="true" condition-coverage="0% (0/2)" />
                <line number="211" hits="0" branch="false" />
                <line number="212" hits="0" branch="false" />
                <line number="213" hits="0" branch="false" />
                <line number="214" hits="0" branch="false" />
                <line number="216" hits="0" branch="false" />
                <line number="217" hits="0" branch="false" />
                <line number="218" hits="0" branch="false" />
                <line number="219" hits="0" branch="false" />
                <line number="220" hits="0" branch="false" />
                <line number="222" hits="0" branch="false" />
                <line number="223" hits="0" branch="false" />
              </lines>
            </method>
            <method name="ShowCardIncome" signature="(...)" line-rate="0" branch-rate="0" complexity="6">
              <lines>
                <line number="226" hits="0" branch="false" />
                <line number="227" hits="0" branch="false" />
                <line number="229" hits="0" branch="false" />
                <line number="230" hits="0" branch="false" />
                <line number="232" hits="0" branch="true" condition-coverage="0% (0/2)" />
                <line number="233" hits="0" branch="false" />
                <line number="234" hits="0" branch="true" condition-coverage="0% (0/2)" />
                <line number="235" hits="0" branch="false" />
                <line number="236" hits="0" branch="true" condition-coverage="0% (0/2)" />
                <line number="237" hits="0" branch="false" />
                <line number="238" hits="0" branch="false" />
                <line number="239" hits="0" branch="false" />
                <line number="240" hits="0" branch="false" />
                <line number="241" hits="0" branch="false" />
                <line number="242" hits="0" branch="false" />
                <line number="243" hits="0" branch="false" />
              </lines>
            </method>
            <method name="ShowCardAndArticleStat" signature="(...)" line-rate="0" branch-rate="0" complexity="12">
              <lines>
                <line number="246" hits="0" branch="false" />
                <line number="247" hits="0" branch="false" />
                <line number="248" hits="0" branch="false" />
                <line number="250" hits="0" branch="false" />
                <line number="251" hits="0" branch="false" />
                <line number="253" hits="0" branch="true" condition-coverage="0% (0/2)" />
                <line number="254" hits="0" branch="false" />
                <line number="255" hits="0" branch="true" condition-coverage="0% (0/2)" />
                <line number="256" hits="0" branch="false" />
                <line number="257" hits="0" branch="true" condition-coverage="0% (0/2)" />
                <line number="258" hits="0" branch="false" />
                <line number="259" hits="0" branch="true" condition-coverage="0% (0/2)" />
                <line number="260" hits="0" branch="false" />
                <line number="261" hits="0" branch="false" />
                <line number="262" hits="0" branch="true" condition-coverage="0% (0/2)" />
                <line number="263" hits="0" branch="false" />
                <line number="264" hits="0" branch="true" condition-coverage="0% (0/2)" />
                <line number="265" hits="0" branch="false" />
                <line number="266" hits="0" branch="false" />
                <line number="267" hits="0" branch="false" />
                <line number="268" hits="0" branch="false" />
                <line number="269" hits="0" branch="false" />
                <line number="270" hits="0" branch="false" />
                <line number="271" hits="0" branch="false" />
                <line number="272" hits="0" branch="false" />
                <line number="273" hits="0" branch="false" />
                <line number="274" hits="0" branch="false" />
              </lines>
            </method>
            <method name="ShowCardExpense" signature="(...)" line-rate="0" branch-rate="0" complexity="6">
              <lines>
                <line number="277" hits="0" branch="false" />
                <line number="278" hits="0" branch="false" />
                <line number="280" hits="0" branch="false" />
                <line number="281" hits="0" branch="false" />
                <line number="283" hits="0" branch="true" condition-coverage="0% (0/2)" />
                <line number="284" hits="0" branch="false" />
                <line number="285" hits="0" branch="true" condition-coverage="0% (0/2)" />
                <line number="286" hits="0" branch="false" />
                <line number="287" hits="0" branch="true" condition-coverage="0% (0/2)" />
                <line number="288" hits="0" branch="false" />
                <line number="289" hits="0" branch="false" />
                <line number="290" hits="0" branch="false" />
                <line number="291" hits="0" branch="false" />
                <line number="292" hits="0" branch="false" />
                <line number="293" hits="0" branch="false" />
                <line number="294" hits="0" branch="false" />
              </lines>
            </method>
            <method name="ShowTransfer" signature="()" line-rate="0" branch-rate="1" complexity="1">
              <lines>
                <line number="297" hits="0" branch="false" />
                <line number="298" hits="0" branch="false" />
                <line number="300" hits="0" branch="false" />
                <line number="302" hits="0" branch="false" />
                <line number="303" hits="0" branch="false" />
              </lines>
            </method>
          </methods>
          <lines>
            <line number="12" hits="0" branch="false" />
            <line number="13" hits="0" branch="false" />
            <line number="14" hits="0" branch="false" />
            <line number="17" hits="0" branch="false" />
            <line number="18" hits="0" branch="false" />
            <line number="19" hits="0" branch="false" />
            <line number="20" hits="0" branch="false" />
            <line number="21" hits="0" branch="false" />
            <line number="22" hits="0" branch="false" />
            <line number="24" hits="0" branch="false" />
            <line number="25" hits="0" branch="false" />
            <line number="28" hits="0" branch="false" />
            <line number="29" hits="0" branch="false" />
            <line number="30" hits="0" branch="false" />
            <line number="32" hits="0" branch="true" condition-coverage="0% (0/2)" />
            <line number="33" hits="0" branch="false" />
            <line number="34" hits="0" branch="true" condition-coverage="0% (0/2)" />
            <line number="35" hits="0" branch="false" />
            <line number="36" hits="0" branch="false" />
            <line number="38" hits="0" branch="false" />
            <line number="39" hits="0" branch="false" />
            <line number="41" hits="0" branch="false" />
            <line number="42" hits="0" branch="false" />
            <line number="43" hits="0" branch="false" />
            <line number="44" hits="0" branch="false" />
            <line number="45" hits="0" branch="false" />
            <line number="47" hits="0" branch="false" />
            <line number="48" hits="0" branch="false" />
            <line number="51" hits="0" branch="false" />
            <line number="52" hits="0" branch="false" />
            <line number="54" hits="0" branch="false" />
            <line number="56" hits="0" branch="false" />
            <line number="57" hits="0" branch="false" />
            <line number="60" hits="0" branch="false" />
            <line number="61" hits="0" branch="false" />
            <line number="63" hits="0" branch="false" />
            <line number="64" hits="0" branch="false" />
            <line number="66" hits="0" branch="false" />
            <line number="68" hits="0" branch="true" condition-coverage="0% (0/2)" />
            <line number="69" hits="0" branch="false" />
            <line number="70" hits="0" branch="true" condition-coverage="0% (0/2)" />
            <line number="71" hits="0" branch="false" />
            <line number="72" hits="0" branch="false" />
            <line number="73" hits="0" branch="false" />
            <line number="74" hits="0" branch="true" condition-coverage="0% (0/2)" />
            <line number="75" hits="0" branch="false" />
            <line number="76" hits="0" branch="false" />
            <line number="77" hits="0" branch="false" />
            <line number="78" hits="0" branch="false" />
            <line number="79" hits="0" branch="true" condition-coverage="0% (0/2)" />
            <line number="80" hits="0" branch="false" />
            <line number="81" hits="0" branch="false" />
            <line number="82" hits="0" branch="false" />
            <line number="83" hits="0" branch="false" />
            <line number="84" hits="0" branch="false" />
            <line number="85" hits="0" branch="false" />
            <line number="87" hits="0" branch="false" />
            <line number="88" hits="0" branch="false" />
            <line number="89" hits="0" branch="false" />
            <line number="90" hits="0" branch="false" />
            <line number="91" hits="0" branch="false" />
            <line number="93" hits="0" branch="false" />
            <line number="94" hits="0" branch="false" />
            <line number="97" hits="0" branch="false" />
            <line number="98" hits="0" branch="false" />
            <line number="100" hits="0" branch="false" />
            <line number="101" hits="0" branch="false" />
            <line number="103" hits="0" branch="false" />
            <line number="105" hits="0" branch="true" condition-coverage="0% (0/2)" />
            <line number="106" hits="0" branch="false" />
            <line number="107" hits="0" branch="true" condition-coverage="0% (0/2)" />
            <line number="108" hits="0" branch="false" />
            <line number="109" hits="0" branch="true" condition-coverage="0% (0/2)" />
            <line number="110" hits="0" branch="false" />
            <line number="111" hits="0" branch="true" condition-coverage="0% (0/2)" />
            <line number="112" hits="0" branch="false" />
            <line number="113" hits="0" branch="false" />
            <line number="114" hits="0" branch="false" />
            <line number="116" hits="0" branch="false" />
            <line number="117" hits="0" branch="false" />
            <line number="119" hits="0" branch="false" />
            <line number="120" hits="0" branch="false" />
            <line number="122" hits="0" branch="false" />
            <line number="123" hits="0" branch="false" />
            <line number="124" hits="0" branch="false" />
            <line number="125" hits="0" branch="false" />
            <line number="126" hits="0" branch="false" />
            <line number="127" hits="0" branch="false" />
            <line number="129" hits="0" branch="false" />
            <line number="130" hits="0" branch="false" />
            <line number="131" hits="0" branch="false" />
            <line number="132" hits="0" branch="false" />
            <line number="133" hits="0" branch="false" />
            <line number="135" hits="0" branch="false" />
            <line number="136" hits="0" branch="false" />
            <line number="139" hits="0" branch="false" />
            <line number="140" hits="0" branch="false" />
            <line number="142" hits="0" branch="false" />
            <line number="144" hits="0" branch="false" />
            <line number="145" hits="0" branch="false" />
            <line number="146" hits="0" branch="false" />
            <line number="147" hits="0" branch="false" />
            <line number="148" hits="0" branch="false" />
            <line number="149" hits="0" branch="false" />
            <line number="151" hits="0" branch="false" />
            <line number="152" hits="0" branch="false" />
            <line number="155" hits="0" branch="false" />
            <line number="156" hits="0" branch="false" />
            <line number="158" hits="0" branch="false" />
            <line number="159" hits="0" branch="false" />
            <line number="161" hits="0" branch="true" condition-coverage="0% (0/2)" />
            <line number="162" hits="0" branch="false" />
            <line number="163" hits="0" branch="true" condition-coverage="0% (0/2)" />
            <line number="164" hits="0" branch="false" />
            <line number="165" hits="0" branch="true" condition-coverage="0% (0/2)" />
            <line number="166" hits="0" branch="false" />
            <line number="167" hits="0" branch="true" condition-coverage="0% (0/2)" />
            <line number="168" hits="0" branch="false" />
            <line number="169" hits="0" branch="false" />
            <line number="170" hits="0" branch="false" />
            <line number="171" hits="0" branch="false" />
            <line number="172" hits="0" branch="false" />
            <line number="174" hits="0" branch="false" />
            <line number="176" hits="0" branch="true" condition-coverage="0% (0/2)" />
            <line number="177" hits="0" branch="false" />
            <line number="178" hits="0" branch="false" />
            <line number="179" hits="0" branch="false" />
            <line number="180" hits="0" branch="false" />
            <line number="181" hits="0" branch="true" condition-coverage="0% (0/2)" />
            <line number="182" hits="0" branch="false" />
            <line number="183" hits="0" branch="false" />
            <line number="184" hits="0" branch="false" />
            <line number="185" hits="0" branch="false" />
            <line number="186" hits="0" branch="false" />
            <line number="187" hits="0" branch="false" />
            <line number="188" hits="0" branch="false" />
            <line number="189" hits="0" branch="false" />
            <line number="190" hits="0" branch="false" />
            <line number="191" hits="0" branch="false" />
            <line number="194" hits="0" branch="false" />
            <line number="195" hits="0" branch="false" />
            <line number="197" hits="0" branch="false" />
            <line number="199" hits="0" branch="false" />
            <line number="200" hits="0" branch="false" />
            <line number="203" hits="0" branch="false" />
            <line number="204" hits="0" branch="false" />
            <line number="206" hits="0" branch="false" />
            <line number="208" hits="0" branch="true" condition-coverage="0% (0/2)" />
            <line number="209" hits="0" branch="false" />
            <line number="210" hits="0" branch="true" condition-coverage="0% (0/2)" />
            <line number="211" hits="0" branch="false" />
            <line number="212" hits="0" branch="false" />
            <line number="213" hits="0" branch="false" />
            <line number="214" hits="0" branch="false" />
            <line number="216" hits="0" branch="false" />
            <line number="217" hits="0" branch="false" />
            <line number="218" hits="0" branch="false" />
            <line number="219" hits="0" branch="false" />
            <line number="220" hits="0" branch="false" />
            <line number="222" hits="0" branch="false" />
            <line number="223" hits="0" branch="false" />
            <line number="226" hits="0" branch="false" />
            <line number="227" hits="0" branch="false" />
            <line number="229" hits="0" branch="false" />
            <line number="230" hits="0" branch="false" />
            <line number="232" hits="0" branch="true" condition-coverage="0% (0/2)" />
            <line number="233" hits="0" branch="false" />
            <line number="234" hits="0" branch="true" condition-coverage="0% (0/2)" />
            <line number="235" hits="0" branch="false" />
            <line number="236" hits="0" branch="true" condition-coverage="0% (0/2)" />
            <line number="237" hits="0" branch="false" />
            <line number="238" hits="0" branch="false" />
            <line number="239" hits="0" branch="false" />
            <line number="240" hits="0" branch="false" />
            <line number="241" hits="0" branch="false" />
            <line number="242" hits="0" branch="false" />
            <line number="243" hits="0" branch="false" />
            <line number="246" hits="0" branch="false" />
            <line number="247" hits="0" branch="false" />
            <line number="248" hits="0" branch="false" />
            <line number="250" hits="0" branch="false" />
            <line number="251" hits="0" branch="false" />
            <line number="253" hits="0" branch="true" condition-coverage="0% (0/2)" />
            <line number="254" hits="0" branch="false" />
            <line number="255" hits="0" branch="true" condition-coverage="0% (0/2)" />
            <line number="256" hits="0" branch="false" />
            <line number="257" hits="0" branch="true" condition-coverage="0% (0/2)" />
            <line number="258" hits="0" branch="false" />
            <line number="259" hits="0" branch="true" condition-coverage="0% (0/2)" />
            <line number="260" hits="0" branch="false" />
            <line number="261" hits="0" branch="false" />
            <line number="262" hits="0" branch="true" condition-coverage="0% (0/2)" />
            <line number="263" hits="0" branch="false" />
            <line number="264" hits="0" branch="true" condition-coverage="0% (0/2)" />
            <line number="265" hits="0" branch="false" />
            <line number="266" hits="0" branch="false" />
            <line number="267" hits="0" branch="false" />
            <line number="268" hits="0" branch="false" />
            <line number="269" hits="0" branch="false" />
            <line number="270" hits="0" branch="false" />
            <line number="271" hits="0" branch="false" />
            <line number="272" hits="0" branch="false" />
            <line number="273" hits="0" branch="false" />
            <line number="274" hits="0" branch="false" />
            <line number="277" hits="0" branch="false" />
            <line number="278" hits="0" branch="false" />
            <line number="280" hits="0" branch="false" />
            <line number="281" hits="0" branch="false" />
            <line number="283" hits="0" branch="true" condition-coverage="0% (0/2)" />
            <line number="284" hits="0" branch="false" />
            <line number="285" hits="0" branch="true" condition-coverage="0% (0/2)" />
            <line number="286" hits="0" branch="false" />
            <line number="287" hits="0" branch="true" condition-coverage="0% (0/2)" />
            <line number="288" hits="0" branch="false" />
            <line number="289" hits="0" branch="false" />
            <line number="290" hits="0" branch="false" />
            <line number="291" hits="0" branch="false" />
            <line number="292" hits="0" branch="false" />
            <line number="293" hits="0" branch="false" />
            <line number="294" hits="0" branch="false" />
            <line number="297" hits="0" branch="false" />
            <line number="298" hits="0" branch="false" />
            <line number="300" hits="0" branch="false" />
            <line number="302" hits="0" branch="false" />
            <line number="303" hits="0" branch="false" />
          </lines>
        </class>
      </classes>
    </package>
    <package name="Lab3_DAL" line-rate="0" branch-rate="0" complexity="71">
      <classes>
        <class name="Lab3_DAL.ApplicationContext" filename="C:\Users\VsemPK\source\repos\Lab3_DAL\Lab3_DAL\ApplicationContext.cs" line-rate="0" branch-rate="1" complexity="8">
          <methods>
            <method name="get_Cards" signature="()" line-rate="0" branch-rate="1" complexity="1">
              <lines>
                <line number="7" hits="0" branch="false" />
              </lines>
            </method>
            <method name="get_Articles" signature="()" line-rate="0" branch-rate="1" complexity="1">
              <lines>
                <line number="8" hits="0" branch="false" />
              </lines>
            </method>
            <method name="get_Transfers" signature="()" line-rate="0" branch-rate="1" complexity="1">
              <lines>
                <line number="9" hits="0" branch="false" />
              </lines>
            </method>
            <method name="get_Incomes" signature="()" line-rate="0" branch-rate="1" complexity="1">
              <lines>
                <line number="10" hits="0" branch="false" />
              </lines>
            </method>
            <method name="get_Expenses" signature="()" line-rate="0" branch-rate="1" complexity="1">
              <lines>
                <line number="11" hits="0" branch="false" />
              </lines>
            </method>
            <method name="OnConfiguring" signature="(...)" line-rate="0" branch-rate="1" complexity="1">
              <lines>
                <line number="17" hits="0" branch="false" />
                <line number="18" hits="0" branch="false" />
                <line number="19" hits="0" branch="false" />
              </lines>
            </method>
            <method name="OnModelCreating" signature="(...)" line-rate="0" branch-rate="1" complexity="1">
              <lines>
                <line number="21" hits="0" branch="false" />
                <line number="22" hits="0" branch="false" />
                <line number="23" hits="0" branch="false" />
                <line number="24" hits="0" branch="false" />
                <line number="26" hits="0" branch="false" />
                <line number="27" hits="0" branch="false" />
                <line number="28" hits="0" branch="false" />
                <line number="29" hits="0" branch="false" />
              </lines>
            </method>
            <method name=".ctor" signature="()" line-rate="0" branch-rate="1" complexity="1">
              <lines>
                <line number="14" hits="0" branch="false" />
              </lines>
            </method>
          </methods>
          <lines>
            <line number="7" hits="0" branch="false" />
            <line number="8" hits="0" branch="false" />
            <line number="9" hits="0" branch="false" />
            <line number="10" hits="0" branch="false" />
            <line number="11" hits="0" branch="false" />
            <line number="14" hits="0" branch="false" />
            <line number="17" hits="0" branch="false" />
            <line number="18" hits="0" branch="false" />
            <line number="19" hits="0" branch="false" />
            <line number="21" hits="0" branch="false" />
            <line number="22" hits="0" branch="false" />
            <line number="23" hits="0" branch="false" />
            <line number="24" hits="0" branch="false" />
            <line number="26" hits="0" branch="false" />
            <line number="27" hits="0" branch="false" />
            <line number="28" hits="0" branch="false" />
            <line number="29" hits="0" branch="false" />
          </lines>
        </class>
        <class name="Lab3_DAL.Article" filename="C:\Users\VsemPK\source\repos\Lab3_DAL\Lab3_DAL\Article.cs" line-rate="0" branch-rate="1" complexity="4">
          <methods>
            <method name="get_Id" signature="()" line-rate="0" branch-rate="1" complexity="1">
              <lines>
                <line number="7" hits="0" branch="false" />
              </lines>
            </method>
            <method name="get_Name" signature="()" line-rate="0" branch-rate="1" complexity="1">
              <lines>
                <line number="8" hits="0" branch="false" />
              </lines>
            </method>
            <method name="get_Amount" signature="()" line-rate="0" branch-rate="1" complexity="1">
              <lines>
                <line number="9" hits="0" branch="false" />
              </lines>
            </method>
            <method name="get_Transfers" signature="()" line-rate="0" branch-rate="1" complexity="1">
              <lines>
                <line number="10" hits="0" branch="false" />
              </lines>
            </method>
          </methods>
          <lines>
            <line number="7" hits="0" branch="false" />
            <line number="8" hits="0" branch="false" />
            <line number="9" hits="0" branch="false" />
            <line number="10" hits="0" branch="false" />
          </lines>
        </class>
        <class name="Lab3_DAL.ArticleRepository" filename="C:\Users\VsemPK\source\repos\Lab3_DAL\Lab3_DAL\ArticleRepository.cs" line-rate="0" branch-rate="1" complexity="5">
          <methods>
            <method name="Create" signature="(...)" line-rate="0" branch-rate="1" complexity="1">
              <lines>
                <line number="15" hits="0" branch="false" />
                <line number="16" hits="0" branch="false" />
                <line number="17" hits="0" branch="false" />
              </lines>
            </method>
            <method name="GetAll" signature="()" line-rate="0" branch-rate="1" complexity="1">
              <lines>
                <line number="20" hits="0" branch="false" />
                <line number="21" hits="0" branch="false" />
                <line number="23" hits="0" branch="false" />
                <line number="24" hits="0" branch="false" />
              </lines>
            </method>
            <method name="Delete" signature="(...)" line-rate="0" branch-rate="1" complexity="1">
              <lines>
                <line number="27" hits="0" branch="false" />
                <line number="28" hits="0" branch="false" />
                <line number="29" hits="0" branch="false" />
              </lines>
            </method>
            <method name="Update" signature="(...)" line-rate="0" branch-rate="1" complexity="1">
              <lines>
                <line number="32" hits="0" branch="false" />
                <line number="33" hits="0" branch="false" />
              </lines>
            </method>
            <method name=".ctor" signature="(...)" line-rate="0" branch-rate="1" complexity="1">
              <lines>
                <line number="9" hits="0" branch="false" />
                <line number="10" hits="0" branch="false" />
                <line number="11" hits="0" branch="false" />
                <line number="12" hits="0" branch="false" />
              </lines>
            </method>
          </methods>
          <lines>
            <line number="9" hits="0" branch="false" />
            <line number="10" hits="0" branch="false" />
            <line number="11" hits="0" branch="false" />
            <line number="12" hits="0" branch="false" />
            <line number="15" hits="0" branch="false" />
            <line number="16" hits="0" branch="false" />
            <line number="17" hits="0" branch="false" />
            <line number="20" hits="0" branch="false" />
            <line number="21" hits="0" branch="false" />
            <line number="23" hits="0" branch="false" />
            <line number="24" hits="0" branch="false" />
            <line number="27" hits="0" branch="false" />
            <line number="28" hits="0" branch="false" />
            <line number="29" hits="0" branch="false" />
            <line number="32" hits="0" branch="false" />
            <line number="33" hits="0" branch="false" />
          </lines>
        </class>
        <class name="Lab3_DAL.Card" filename="C:\Users\VsemPK\source\repos\Lab3_DAL\Lab3_DAL\Card.cs" line-rate="0" branch-rate="1" complexity="6">
          <methods>
            <method name="get_Id" signature="()" line-rate="0" branch-rate="1" complexity="1">
              <lines>
                <line number="6" hits="0" branch="false" />
              </lines>
            </method>
            <method name="get_Name" signature="()" line-rate="0" branch-rate="1" complexity="1">
              <lines>
                <line number="7" hits="0" branch="false" />
              </lines>
            </method>
            <method name="get_Amount" signature="()" line-rate="0" branch-rate="1" complexity="1">
              <lines>
                <line number="8" hits="0" branch="false" />
              </lines>
            </method>
            <method name="get_Incomes" signature="()" line-rate="0" branch-rate="1" complexity="1">
              <lines>
                <line number="9" hits="0" branch="false" />
              </lines>
            </method>
            <method name="get_Expenses" signature="()" line-rate="0" branch-rate="1" complexity="1">
              <lines>
                <line number="10" hits="0" branch="false" />
              </lines>
            </method>
            <method name="get_Transfers" signature="()" line-rate="0" branch-rate="1" complexity="1">
              <lines>
                <line number="11" hits="0" branch="false" />
              </lines>
            </method>
          </methods>
          <lines>
            <line number="6" hits="0" branch="false" />
            <line number="7" hits="0" branch="false" />
            <line number="8" hits="0" branch="false" />
            <line number="9" hits="0" branch="false" />
            <line number="10" hits="0" branch="false" />
            <line number="11" hits="0" branch="false" />
          </lines>
        </class>
        <class name="Lab3_DAL.CardRepository" filename="C:\Users\VsemPK\source\repos\Lab3_DAL\Lab3_DAL\CardRepository.cs" line-rate="0" branch-rate="1" complexity="5">
          <methods>
            <method name="GetAll" signature="()" line-rate="0" branch-rate="1" complexity="1">
              <lines>
                <line number="15" hits="0" branch="false" />
                <line number="16" hits="0" branch="false" />
                <line number="18" hits="0" branch="false" />
                <line number="19" hits="0" branch="false" />
              </lines>
            </method>
            <method name="Create" signature="(...)" line-rate="0" branch-rate="1" complexity="1">
              <lines>
                <line number="21" hits="0" branch="false" />
                <line number="22" hits="0" branch="false" />
                <line number="23" hits="0" branch="false" />
              </lines>
            </method>
            <method name="Delete" signature="(...)" line-rate="0" branch-rate="1" complexity="1">
              <lines>
                <line number="26" hits="0" branch="false" />
                <line number="27" hits="0" branch="false" />
                <line number="28" hits="0" branch="false" />
              </lines>
            </method>
            <method name="Update" signature="(...)" line-rate="0" branch-rate="1" complexity="1">
              <lines>
                <line number="31" hits="0" branch="false" />
                <line number="32" hits="0" branch="false" />
              </lines>
            </method>
            <method name=".ctor" signature="(...)" line-rate="0" branch-rate="1" complexity="1">
              <lines>
                <line number="9" hits="0" branch="false" />
                <line number="10" hits="0" branch="false" />
                <line number="11" hits="0" branch="false" />
                <line number="12" hits="0" branch="false" />
              </lines>
            </method>
          </methods>
          <lines>
            <line number="9" hits="0" branch="false" />
            <line number="10" hits="0" branch="false" />
            <line number="11" hits="0" branch="false" />
            <line number="12" hits="0" branch="false" />
            <line number="15" hits="0" branch="false" />
            <line number="16" hits="0" branch="false" />
            <line number="18" hits="0" branch="false" />
            <line number="19" hits="0" branch="false" />
            <line number="21" hits="0" branch="false" />
            <line number="22" hits="0" branch="false" />
            <line number="23" hits="0" branch="false" />
            <line number="26" hits="0" branch="false" />
            <line number="27" hits="0" branch="false" />
            <line number="28" hits="0" branch="false" />
            <line number="31" hits="0" branch="false" />
            <line number="32" hits="0" branch="false" />
          </lines>
        </class>
        <class name="Lab3_DAL.Expense" filename="C:\Users\VsemPK\source\repos\Lab3_DAL\Lab3_DAL\Expense.cs" line-rate="0" branch-rate="1" complexity="3">
          <methods>
            <method name="get_Id" signature="()" line-rate="0" branch-rate="1" complexity="1">
              <lines>
                <line number="6" hits="0" branch="false" />
              </lines>
            </method>
            <method name="get_Amount" signature="()" line-rate="0" branch-rate="1" complexity="1">
              <lines>
                <line number="7" hits="0" branch="false" />
              </lines>
            </method>
            <method name="get_Card" signature="()" line-rate="0" branch-rate="1" complexity="1">
              <lines>
                <line number="8" hits="0" branch="false" />
              </lines>
            </method>
          </methods>
          <lines>
            <line number="6" hits="0" branch="false" />
            <line number="7" hits="0" branch="false" />
            <line number="8" hits="0" branch="false" />
          </lines>
        </class>
        <class name="Lab3_DAL.ExpenseRepository" filename="C:\Users\VsemPK\source\repos\Lab3_DAL\Lab3_DAL\ExpenseRepository.cs" line-rate="0" branch-rate="1" complexity="5">
          <methods>
            <method name="Create" signature="(...)" line-rate="0" branch-rate="1" complexity="1">
              <lines>
                <line number="14" hits="0" branch="false" />
                <line number="15" hits="0" branch="false" />
                <line number="16" hits="0" branch="false" />
              </lines>
            </method>
            <method name="Delete" signature="(...)" line-rate="0" branch-rate="1" complexity="1">
              <lines>
                <line number="19" hits="0" branch="false" />
                <line number="20" hits="0" branch="false" />
                <line number="21" hits="0" branch="false" />
              </lines>
            </method>
            <method name="GetAll" signature="()" line-rate="0" branch-rate="1" complexity="1">
              <lines>
                <line number="24" hits="0" branch="false" />
                <line number="25" hits="0" branch="false" />
                <line number="26" hits="0" branch="false" />
                <line number="27" hits="0" branch="false" />
              </lines>
            </method>
            <method name="Update" signature="(...)" line-rate="0" branch-rate="1" complexity="1">
              <lines>
                <line number="30" hits="0" branch="false" />
                <line number="31" hits="0" branch="false" />
              </lines>
            </method>
            <method name=".ctor" signature="(...)" line-rate="0" branch-rate="1" complexity="1">
              <lines>
                <line number="9" hits="0" branch="false" />
                <line number="10" hits="0" branch="false" />
                <line number="11" hits="0" branch="false" />
                <line number="12" hits="0" branch="false" />
              </lines>
            </method>
          </methods>
          <lines>
            <line number="9" hits="0" branch="false" />
            <line number="10" hits="0" branch="false" />
            <line number="11" hits="0" branch="false" />
            <line number="12" hits="0" branch="false" />
            <line number="14" hits="0" branch="false" />
            <line number="15" hits="0" branch="false" />
            <line number="16" hits="0" branch="false" />
            <line number="19" hits="0" branch="false" />
            <line number="20" hits="0" branch="false" />
            <line number="21" hits="0" branch="false" />
            <line number="24" hits="0" branch="false" />
            <line number="25" hits="0" branch="false" />
            <line number="26" hits="0" branch="false" />
            <line number="27" hits="0" branch="false" />
            <line number="30" hits="0" branch="false" />
            <line number="31" hits="0" branch="false" />
          </lines>
        </class>
        <class name="Lab3_DAL.Income" filename="C:\Users\VsemPK\source\repos\Lab3_DAL\Lab3_DAL\Income.cs" line-rate="0" branch-rate="1" complexity="3">
          <methods>
            <method name="get_Id" signature="()" line-rate="0" branch-rate="1" complexity="1">
              <lines>
                <line number="6" hits="0" branch="false" />
              </lines>
            </method>
            <method name="get_Amount" signature="()" line-rate="0" branch-rate="1" complexity="1">
              <lines>
                <line number="7" hits="0" branch="false" />
              </lines>
            </method>
            <method name="get_Card" signature="()" line-rate="0" branch-rate="1" complexity="1">
              <lines>
                <line number="8" hits="0" branch="false" />
              </lines>
            </method>
          </methods>
          <lines>
            <line number="6" hits="0" branch="false" />
            <line number="7" hits="0" branch="false" />
            <line number="8" hits="0" branch="false" />
          </lines>
        </class>
        <class name="Lab3_DAL.IncomeRepository" filename="C:\Users\VsemPK\source\repos\Lab3_DAL\Lab3_DAL\IncomeRepository.cs" line-rate="0" branch-rate="1" complexity="5">
          <methods>
            <method name="Create" signature="(...)" line-rate="0" branch-rate="1" complexity="1">
              <lines>
                <line number="13" hits="0" branch="false" />
                <line number="14" hits="0" branch="false" />
                <line number="15" hits="0" branch="false" />
              </lines>
            </method>
            <method name="Delete" signature="(...)" line-rate="0" branch-rate="1" complexity="1">
              <lines>
                <line number="18" hits="0" branch="false" />
                <line number="19" hits="0" branch="false" />
                <line number="20" hits="0" branch="false" />
              </lines>
            </method>
            <method name="GetAll" signature="()" line-rate="0" branch-rate="1" complexity="1">
              <lines>
                <line number="23" hits="0" branch="false" />
                <line number="24" hits="0" branch="false" />
                <line number="25" hits="0" branch="false" />
                <line number="26" hits="0" branch="false" />
              </lines>
            </method>
            <method name="Update" signature="(...)" line-rate="0" branch-rate="1" complexity="1">
              <lines>
                <line number="29" hits="0" branch="false" />
                <line number="30" hits="0" branch="false" />
              </lines>
            </method>
            <method name=".ctor" signature="(...)" line-rate="0" branch-rate="1" complexity="1">
              <lines>
                <line number="8" hits="0" branch="false" />
                <line number="9" hits="0" branch="false" />
                <line number="10" hits="0" branch="false" />
                <line number="11" hits="0" branch="false" />
              </lines>
            </method>
          </methods>
          <lines>
            <line number="8" hits="0" branch="false" />
            <line number="9" hits="0" branch="false" />
            <line number="10" hits="0" branch="false" />
            <line number="11" hits="0" branch="false" />
            <line number="13" hits="0" branch="false" />
            <line number="14" hits="0" branch="false" />
            <line number="15" hits="0" branch="false" />
            <line number="18" hits="0" branch="false" />
            <line number="19" hits="0" branch="false" />
            <line number="20" hits="0" branch="false" />
            <line number="23" hits="0" branch="false" />
            <line number="24" hits="0" branch="false" />
            <line number="25" hits="0" branch="false" />
            <line number="26" hits="0" branch="false" />
            <line number="29" hits="0" branch="false" />
            <line number="30" hits="0" branch="false" />
          </lines>
        </class>
        <class name="Lab3_DAL.Transfer" filename="C:\Users\VsemPK\source\repos\Lab3_DAL\Lab3_DAL\Transfer.cs" line-rate="0" branch-rate="1" complexity="5">
          <methods>
            <method name="get_Id" signature="()" line-rate="0" branch-rate="1" complexity="1">
              <lines>
                <line number="7" hits="0" branch="false" />
              </lines>
            </method>
            <method name="get_Name" signature="()" line-rate="0" branch-rate="1" complexity="1">
              <lines>
                <line number="8" hits="0" branch="false" />
              </lines>
            </method>
            <method name="get_Amount" signature="()" line-rate="0" branch-rate="1" complexity="1">
              <lines>
                <line number="9" hits="0" branch="false" />
              </lines>
            </method>
            <method name="get_Card" signature="()" line-rate="0" branch-rate="1" complexity="1">
              <lines>
                <line number="10" hits="0" branch="false" />
              </lines>
            </method>
            <method name="get_Article" signature="()" line-rate="0" branch-rate="1" complexity="1">
              <lines>
                <line number="11" hits="0" branch="false" />
              </lines>
            </method>
          </methods>
          <lines>
            <line number="7" hits="0" branch="false" />
            <line number="8" hits="0" branch="false" />
            <line number="9" hits="0" branch="false" />
            <line number="10" hits="0" branch="false" />
            <line number="11" hits="0" branch="false" />
          </lines>
        </class>
        <class name="Lab3_DAL.TransferRepository" filename="C:\Users\VsemPK\source\repos\Lab3_DAL\Lab3_DAL\TransferRepository.cs" line-rate="0" branch-rate="1" complexity="5">
          <methods>
            <method name="Create" signature="(...)" line-rate="0" branch-rate="1" complexity="1">
              <lines>
                <line number="14" hits="0" branch="false" />
                <line number="15" hits="0" branch="false" />
                <line number="16" hits="0" branch="false" />
              </lines>
            </method>
            <method name="Delete" signature="(...)" line-rate="0" branch-rate="1" complexity="1">
              <lines>
                <line number="19" hits="0" branch="false" />
                <line number="20" hits="0" branch="false" />
                <line number="21" hits="0" branch="false" />
              </lines>
            </method>
            <method name="GetAll" signature="()" line-rate="0" branch-rate="1" complexity="1">
              <lines>
                <line number="24" hits="0" branch="false" />
                <line number="25" hits="0" branch="false" />
                <line number="26" hits="0" branch="false" />
                <line number="27" hits="0" branch="false" />
              </lines>
            </method>
            <method name="Update" signature="(...)" line-rate="0" branch-rate="1" complexity="1">
              <lines>
                <line number="30" hits="0" branch="false" />
                <line number="31" hits="0" branch="false" />
              </lines>
            </method>
            <method name=".ctor" signature="(...)" line-rate="0" branch-rate="1" complexity="1">
              <lines>
                <line number="8" hits="0" branch="false" />
                <line number="9" hits="0" branch="false" />
                <line number="10" hits="0" branch="false" />
                <line number="11" hits="0" branch="false" />
              </lines>
            </method>
          </methods>
          <lines>
            <line number="8" hits="0" branch="false" />
            <line number="9" hits="0" branch="false" />
            <line number="10" hits="0" branch="false" />
            <line number="11" hits="0" branch="false" />
            <line number="14" hits="0" branch="false" />
            <line number="15" hits="0" branch="false" />
            <line number="16" hits="0" branch="false" />
            <line number="19" hits="0" branch="false" />
            <line number="20" hits="0" branch="false" />
            <line number="21" hits="0" branch="false" />
            <line number="24" hits="0" branch="false" />
            <line number="25" hits="0" branch="false" />
            <line number="26" hits="0" branch="false" />
            <line number="27" hits="0" branch="false" />
            <line number="30" hits="0" branch="false" />
            <line number="31" hits="0" branch="false" />
          </lines>
        </class>
        <class name="Lab3_DAL.UnitOfWork" filename="C:\Users\VsemPK\source\repos\Lab3_DAL\Lab3_DAL\UnitOfWork.cs" line-rate="0" branch-rate="0" complexity="17">
          <methods>
            <method name="get_Cards" signature="()" line-rate="0" branch-rate="0" complexity="2">
              <lines>
                <line number="16" hits="0" branch="false" />
                <line number="17" hits="0" branch="true" condition-coverage="0% (0/2)" />
                <line number="18" hits="0" branch="false" />
                <line number="19" hits="0" branch="false" />
                <line number="20" hits="0" branch="false" />
              </lines>
            </method>
            <method name="get_Article" signature="()" line-rate="0" branch-rate="0" complexity="2">
              <lines>
                <line number="26" hits="0" branch="false" />
                <line number="27" hits="0" branch="true" condition-coverage="0% (0/2)" />
                <line number="28" hits="0" branch="false" />
                <line number="29" hits="0" branch="false" />
                <line number="30" hits="0" branch="false" />
              </lines>
            </method>
            <method name="get_Transfer" signature="()" line-rate="0" branch-rate="0" complexity="2">
              <lines>
                <line number="36" hits="0" branch="false" />
                <line number="37" hits="0" branch="true" condition-coverage="0% (0/2)" />
                <line number="38" hits="0" branch="false" />
                <line number="39" hits="0" branch="false" />
                <line number="40" hits="0" branch="false" />
              </lines>
            </method>
            <method name="get_Income" signature="()" line-rate="0" branch-rate="0" complexity="2">
              <lines>
                <line number="46" hits="0" branch="false" />
                <line number="47" hits="0" branch="true" condition-coverage="0% (0/2)" />
                <line number="48" hits="0" branch="false" />
                <line number="49" hits="0" branch="false" />
                <line number="50" hits="0" branch="false" />
              </lines>
            </method>
            <method name="get_Expense" signature="()" line-rate="0" branch-rate="0" complexity="2">
              <lines>
                <line number="56" hits="0" branch="false" />
                <line number="57" hits="0" branch="true" condition-coverage="0% (0/2)" />
                <line number="58" hits="0" branch="false" />
                <line number="59" hits="0" branch="false" />
                <line number="60" hits="0" branch="false" />
              </lines>
            </method>
            <method name="Save" signature="()" line-rate="0" branch-rate="1" complexity="1">
              <lines>
                <line number="64" hits="0" branch="false" />
                <line number="65" hits="0" branch="false" />
                <line number="66" hits="0" branch="false" />
              </lines>
            </method>
            <method name="Dispose" signature="(...)" line-rate="0" branch-rate="0" complexity="4">
              <lines>
                <line number="71" hits="0" branch="false" />
                <line number="72" hits="0" branch="true" condition-coverage="0% (0/2)" />
                <line number="73" hits="0" branch="false" />
                <line number="74" hits="0" branch="true" condition-coverage="0% (0/2)" />
                <line number="75" hits="0" branch="false" />
                <line number="76" hits="0" branch="false" />
                <line number="77" hits="0" branch="false" />
                <line number="78" hits="0" branch="false" />
                <line number="79" hits="0" branch="false" />
                <line number="80" hits="0" branch="false" />
              </lines>
            </method>
            <method name="Dispose" signature="()" line-rate="0" branch-rate="1" complexity="1">
              <lines>
                <line number="83" hits="0" branch="false" />
                <line number="84" hits="0" branch="false" />
                <line number="85" hits="0" branch="false" />
                <line number="86" hits="0" branch="false" />
              </lines>
            </method>
            <method name=".ctor" signature="()" line-rate="0" branch-rate="0" complexity="1">
              <lines>
                <line number="6" hits="0" branch="false" />
                <line number="16" hits="0" branch="false" />
                <line number="17" hits="0" branch="true" condition-coverage="0% (0/2)" />
                <line number="18" hits="0" branch="false" />
                <line number="19" hits="0" branch="false" />
                <line number="20" hits="0" branch="false" />
                <line number="26" hits="0" branch="false" />
                <line number="27" hits="0" branch="true" condition-coverage="0% (0/2)" />
                <line number="28" hits="0" branch="false" />
                <line number="29" hits="0" branch="false" />
                <line number="30" hits="0" branch="false" />
                <line number="36" hits="0" branch="false" />
                <line number="37" hits="0" branch="true" condition-coverage="0% (0/2)" />
                <line number="38" hits="0" branch="false" />
                <line number="39" hits="0" branch="false" />
                <line number="40" hits="0" branch="false" />
                <line number="46" hits="0" branch="false" />
                <line number="47" hits="0" branch="true" condition-coverage="0% (0/2)" />
                <line number="48" hits="0" branch="false" />
                <line number="49" hits="0" branch="false" />
                <line number="50" hits="0" branch="false" />
                <line number="56" hits="0" branch="false" />
                <line number="57" hits="0" branch="true" condition-coverage="0% (0/2)" />
                <line number="58" hits="0" branch="false" />
                <line number="59" hits="0" branch="false" />
                <line number="60" hits="0" branch="false" />
                <line number="64" hits="0" branch="false" />
                <line number="65" hits="0" branch="false" />
                <line number="66" hits="0" branch="false" />
                <line number="68" hits="0" branch="false" />
              </lines>
            </method>
          </methods>
          <lines>
            <line number="6" hits="0" branch="false" />
            <line number="16" hits="0" branch="false" />
            <line number="17" hits="0" branch="true" condition-coverage="0% (0/2)" />
            <line number="18" hits="0" branch="false" />
            <line number="19" hits="0" branch="false" />
            <line number="20" hits="0" branch="false" />
            <line number="26" hits="0" branch="false" />
            <line number="27" hits="0" branch="true" condition-coverage="0% (0/2)" />
            <line number="28" hits="0" branch="false" />
            <line number="29" hits="0" branch="false" />
            <line number="30" hits="0" branch="false" />
            <line number="36" hits="0" branch="false" />
            <line number="37" hits="0" branch="true" condition-coverage="0% (0/2)" />
            <line number="38" hits="0" branch="false" />
            <line number="39" hits="0" branch="false" />
            <line number="40" hits="0" branch="false" />
            <line number="46" hits="0" branch="false" />
            <line number="47" hits="0" branch="true" condition-coverage="0% (0/2)" />
            <line number="48" hits="0" branch="false" />
            <line number="49" hits="0" branch="false" />
            <line number="50" hits="0" branch="false" />
            <line number="56" hits="0" branch="false" />
            <line number="57" hits="0" branch="true" condition-coverage="0% (0/2)" />
            <line number="58" hits="0" branch="false" />
            <line number="59" hits="0" branch="false" />
            <line number="60" hits="0" branch="false" />
            <line number="64" hits="0" branch="false" />
            <line number="65" hits="0" branch="false" />
            <line number="66" hits="0" branch="false" />
            <line number="68" hits="0" branch="false" />
            <line number="71" hits="0" branch="false" />
            <line number="72" hits="0" branch="true" condition-coverage="0% (0/2)" />
            <line number="73" hits="0" branch="false" />
            <line number="74" hits="0" branch="true" condition-coverage="0% (0/2)" />
            <line number="75" hits="0" branch="false" />
            <line number="76" hits="0" branch="false" />
            <line number="77" hits="0" branch="false" />
            <line number="78" hits="0" branch="false" />
            <line number="79" hits="0" branch="false" />
            <line number="80" hits="0" branch="false" />
            <line number="83" hits="0" branch="false" />
            <line number="84" hits="0" branch="false" />
            <line number="85" hits="0" branch="false" />
            <line number="86" hits="0" branch="false" />
          </lines>
        </class>
      </classes>
    </package>
    <package name="Lab3_PL" line-rate="0" branch-rate="0" complexity="66">
      <classes>
        <class name="Program" filename="C:\Users\VsemPK\source\repos\Lab3_DAL\Lab3_PL\Program.cs" line-rate="0" branch-rate="0" complexity="66">
          <methods>
            <method name="&lt;Main&gt;$" signature="(...)" line-rate="0" branch-rate="0" complexity="66">
              <lines>
                <line number="3" hits="0" branch="false" />
                <line number="4" hits="0" branch="false" />
                <line number="5" hits="0" branch="false" />
                <line number="6" hits="0" branch="false" />
                <line number="7" hits="0" branch="false" />
                <line number="8" hits="0" branch="false" />
                <line number="9" hits="0" branch="false" />
                <line number="10" hits="0" branch="false" />
                <line number="11" hits="0" branch="false" />
                <line number="12" hits="0" branch="false" />
                <line number="13" hits="0" branch="false" />
                <line number="14" hits="0" branch="false" />
                <line number="15" hits="0" branch="false" />
                <line number="17" hits="0" branch="false" />
                <line number="19" hits="0" branch="false" />
                <line number="20" hits="0" branch="false" />
                <line number="21" hits="0" branch="true" condition-coverage="0% (0/60)" />
                <line number="24" hits="0" branch="false" />
                <line number="25" hits="0" branch="false" />
                <line number="26" hits="0" branch="true" condition-coverage="0% (0/2)" />
                <line number="27" hits="0" branch="false" />
                <line number="28" hits="0" branch="false" />
                <line number="29" hits="0" branch="false" />
                <line number="31" hits="0" branch="false" />
                <line number="35" hits="0" branch="false" />
                <line number="36" hits="0" branch="false" />
                <line number="39" hits="0" branch="false" />
                <line number="41" hits="0" branch="false" />
                <line number="42" hits="0" branch="false" />
                <line number="43" hits="0" branch="false" />
                <line number="44" hits="0" branch="false" />
                <line number="45" hits="0" branch="true" condition-coverage="0% (0/2)" />
                <line number="46" hits="0" branch="false" />
                <line number="47" hits="0" branch="false" />
                <line number="48" hits="0" branch="false" />
                <line number="49" hits="0" branch="false" />
                <line number="50" hits="0" branch="false" />
                <line number="51" hits="0" branch="false" />
                <line number="52" hits="0" branch="false" />
                <line number="53" hits="0" branch="false" />
                <line number="55" hits="0" branch="false" />
                <line number="59" hits="0" branch="false" />
                <line number="60" hits="0" branch="false" />
                <line number="61" hits="0" branch="false" />
                <line number="65" hits="0" branch="false" />
                <line number="67" hits="0" branch="false" />
                <line number="68" hits="0" branch="false" />
                <line number="69" hits="0" branch="false" />
                <line number="70" hits="0" branch="false" />
                <line number="71" hits="0" branch="false" />
                <line number="72" hits="0" branch="false" />
                <line number="73" hits="0" branch="false" />
                <line number="75" hits="0" branch="false" />
                <line number="76" hits="0" branch="false" />
                <line number="80" hits="0" branch="false" />
                <line number="82" hits="0" branch="false" />
                <line number="83" hits="0" branch="false" />
                <line number="84" hits="0" branch="false" />
                <line number="85" hits="0" branch="false" />
                <line number="86" hits="0" branch="false" />
                <line number="87" hits="0" branch="false" />
                <line number="88" hits="0" branch="false" />
                <line number="90" hits="0" branch="false" />
                <line number="94" hits="0" branch="false" />
                <line number="96" hits="0" branch="false" />
                <line number="97" hits="0" branch="false" />
                <line number="98" hits="0" branch="false" />
                <line number="99" hits="0" branch="false" />
                <line number="100" hits="0" branch="false" />
                <line number="101" hits="0" branch="false" />
                <line number="102" hits="0" branch="false" />
                <line number="104" hits="0" branch="false" />
                <line number="105" hits="0" branch="false" />
                <line number="109" hits="0" branch="false" />
                <line number="110" hits="0" branch="false" />
                <line number="111" hits="0" branch="false" />
                <line number="115" hits="0" branch="false" />
                <line number="116" hits="0" branch="false" />
                <line number="117" hits="0" branch="true" condition-coverage="0% (0/2)" />
                <line number="118" hits="0" branch="false" />
                <line number="119" hits="0" branch="false" />
                <line number="120" hits="0" branch="false" />
                <line number="121" hits="0" branch="false" />
                <line number="125" hits="0" branch="false" />
                <line number="126" hits="0" branch="false" />
                <line number="127" hits="0" branch="false" />
                <line number="131" hits="0" branch="false" />
                <line number="132" hits="0" branch="false" />
                <line number="133" hits="0" branch="false" />
                <line number="137" hits="0" branch="false" />
                <line number="138" hits="0" branch="false" />
                <line number="139" hits="0" branch="false" />
                <line number="143" hits="0" branch="false" />
                <line number="144" hits="0" branch="false" />
                <line number="145" hits="0" branch="false" />
                <line number="147" hits="0" branch="false" />
              </lines>
            </method>
          </methods>
          <lines>
            <line number="3" hits="0" branch="false" />
            <line number="4" hits="0" branch="false" />
            <line number="5" hits="0" branch="false" />
            <line number="6" hits="0" branch="false" />
            <line number="7" hits="0" branch="false" />
            <line number="8" hits="0" branch="false" />
            <line number="9" hits="0" branch="false" />
            <line number="10" hits="0" branch="false" />
            <line number="11" hits="0" branch="false" />
            <line number="12" hits="0" branch="false" />
            <line number="13" hits="0" branch="false" />
            <line number="14" hits="0" branch="false" />
            <line number="15" hits="0" branch="false" />
            <line number="17" hits="0" branch="false" />
            <line number="19" hits="0" branch="false" />
            <line number="20" hits="0" branch="false" />
            <line number="21" hits="0" branch="true" condition-coverage="0% (0/60)" />
            <line number="24" hits="0" branch="false" />
            <line number="25" hits="0" branch="false" />
            <line number="26" hits="0" branch="true" condition-coverage="0% (0/2)" />
            <line number="27" hits="0" branch="false" />
            <line number="28" hits="0" branch="false" />
            <line number="29" hits="0" branch="false" />
            <line number="31" hits="0" branch="false" />
            <line number="35" hits="0" branch="false" />
            <line number="36" hits="0" branch="false" />
            <line number="39" hits="0" branch="false" />
            <line number="41" hits="0" branch="false" />
            <line number="42" hits="0" branch="false" />
            <line number="43" hits="0" branch="false" />
            <line number="44" hits="0" branch="false" />
            <line number="45" hits="0" branch="true" condition-coverage="0% (0/2)" />
            <line number="46" hits="0" branch="false" />
            <line number="47" hits="0" branch="false" />
            <line number="48" hits="0" branch="false" />
            <line number="49" hits="0" branch="false" />
            <line number="50" hits="0" branch="false" />
            <line number="51" hits="0" branch="false" />
            <line number="52" hits="0" branch="false" />
            <line number="53" hits="0" branch="false" />
            <line number="55" hits="0" branch="false" />
            <line number="59" hits="0" branch="false" />
            <line number="60" hits="0" branch="false" />
            <line number="61" hits="0" branch="false" />
            <line number="65" hits="0" branch="false" />
            <line number="67" hits="0" branch="false" />
            <line number="68" hits="0" branch="false" />
            <line number="69" hits="0" branch="false" />
            <line number="70" hits="0" branch="false" />
            <line number="71" hits="0" branch="false" />
            <line number="72" hits="0" branch="false" />
            <line number="73" hits="0" branch="false" />
            <line number="75" hits="0" branch="false" />
            <line number="76" hits="0" branch="false" />
            <line number="80" hits="0" branch="false" />
            <line number="82" hits="0" branch="false" />
            <line number="83" hits="0" branch="false" />
            <line number="84" hits="0" branch="false" />
            <line number="85" hits="0" branch="false" />
            <line number="86" hits="0" branch="false" />
            <line number="87" hits="0" branch="false" />
            <line number="88" hits="0" branch="false" />
            <line number="90" hits="0" branch="false" />
            <line number="94" hits="0" branch="false" />
            <line number="96" hits="0" branch="false" />
            <line number="97" hits="0" branch="false" />
            <line number="98" hits="0" branch="false" />
            <line number="99" hits="0" branch="false" />
            <line number="100" hits="0" branch="false" />
            <line number="101" hits="0" branch="false" />
            <line number="102" hits="0" branch="false" />
            <line number="104" hits="0" branch="false" />
            <line number="105" hits="0" branch="false" />
            <line number="109" hits="0" branch="false" />
            <line number="110" hits="0" branch="false" />
            <line number="111" hits="0" branch="false" />
            <line number="115" hits="0" branch="false" />
            <line number="116" hits="0" branch="false" />
            <line number="117" hits="0" branch="true" condition-coverage="0% (0/2)" />
            <line number="118" hits="0" branch="false" />
            <line number="119" hits="0" branch="false" />
            <line number="120" hits="0" branch="false" />
            <line number="121" hits="0" branch="false" />
            <line number="125" hits="0" branch="false" />
            <line number="126" hits="0" branch="false" />
            <line number="127" hits="0" branch="false" />
            <line number="131" hits="0" branch="false" />
            <line number="132" hits="0" branch="false" />
            <line number="133" hits="0" branch="false" />
            <line number="137" hits="0" branch="false" />
            <line number="138" hits="0" branch="false" />
            <line number="139" hits="0" branch="false" />
            <line number="143" hits="0" branch="false" />
            <line number="144" hits="0" branch="false" />
            <line number="145" hits="0" branch="false" />
            <line number="147" hits="0" branch="false" />
          </lines>
        </class>
      </classes>
    </package>
    <package name="Project_BLL" line-rate="0.852" branch-rate="0.924242424242424" complexity="72">
      <classes>
        <class name="Project_BLL.BLL" filename="D:\КПІ\NET\Project\_BLL\BLL.cs" line-rate="0.865853658536585" branch-rate="0.924242424242424" complexity="71">
          <methods>
            <method name="AddCard" signature="(...)" line-rate="1" branch-rate="1" complexity="2">
              <lines>
                <line number="12" hits="8" branch="false" />
                <line number="13" hits="8" branch="false" />
                <line number="15" hits="8" branch="true" condition-coverage="100% (2/2)" />
                <line number="16" hits="8" branch="false" />
                <line number="17" hits="8" branch="false" />
                <line number="19" hits="8" branch="false" />
                <line number="21" hits="8" branch="false" />
                <line number="22" hits="8" branch="false" />
                <line number="23" hits="1" branch="false" />
                <line number="24" hits="7" branch="false" />
                <line number="25" hits="7" branch="false" />
                <line number="27" hits="7" branch="false" />
                <line number="28" hits="8" branch="false" />
[...]
                <line number="225" hits="9" branch="true" condition-coverage="100% (2/2)" />
                <line number="226" hits="3" branch="false" />
                <line number="227" hits="3" branch="true" condition-coverage="50% (1/2)" />
                <line number="228" hits="0" branch="false" />
                <line number="229" hits="0" branch="false" />
                <line number="230" hits="0" branch="false" />
                <line number="231" hits="3" branch="false" />
                <line number="233" hits="1" branch="false" />
              </lines>
            </method>
            <method name="ShowIncomeTest" signature="()" line-rate="0.681818181818182" branch-rate="0.625" complexity="8">
              <lines>
                <line number="236" hits="1" branch="false" />
                <line number="241" hits="1" branch="false" />
                <line number="242" hits="1" branch="false" />
                <line number="243" hits="1" branch="false" />
                <line number="244" hits="1" branch="false" />
                <line number="245" hits="1" branch="false" />
                <line number="247" hits="17" branch="true" condition-coverage="100% (2/2)" />
                <line number="248" hits="7" branch="false" />
                <line number="249" hits="7" branch="true" condition-coverage="100% (2/2)" />
                <line number="250" hits="1" branch="false" />
                <line number="251" hits="1" branch="false" />
                <line number="252" hits="3" branch="true" condition-coverage="50% (1/2)" />
                <line number="253" hits="0" branch="false" />
                <line number="254" hits="0" branch="false" />
                <line number="255" hits="0" branch="true" condition-coverage="0% (0/2)" />
                <line number="256" hits="0" branch="false" />
                <line number="257" hits="0" branch="false" />
                <line number="258" hits="0" branch="false" />
                <line number="259" hits="0" branch="false" />
                <line number="260" hits="1" branch="false" />
                <line number="261" hits="7" branch="false" />
                <line number="263" hits="1" branch="false" />
              </lines>
            </method>
            <method name="ShowExpenseTest" signature="()" line-rate="0.681818181818182" branch-rate="0.625" complexity="8">
              <lines>
                <line number="266" hits="1" branch="false" />
                <line number="268" hits="1" branch="false" />
                <line number="271" hits="1" branch="false" />
                <line number="272" hits="1" branch="false" />
                <line number="273" hits="1" branch="false" />
                <line number="274" hits="1" branch="false" />
                <line number="277" hits="17" branch="true" condition-coverage="100% (2/2)" />
                <line number="278" hits="7" branch="false" />
                <line number="279" hits="7" branch="true" condition-coverage="100% (2/2)" />
                <line number="280" hits="1" branch="false" />
                <line number="281" hits="1" branch="false" />
                <line number="282" hits="3" branch="true" condition-coverage="50% (1/2)" />
                <line number="283" hits="0" branch="false" />
                <line number="284" hits="0" branch="false" />
                <line number="285" hits="0" branch="true" condition-coverage="0% (0/2)" />
                <line number="286" hits="0" branch="false" />
                <line number="287" hits="0" branch="false" />
                <line number="288" hits="0" branch="false" />
                <line number="289" hits="0" branch="false" />
                <line number="290" hits="1" branch="false" />
                <line number="291" hits="7" branch="false" />
                <line number="293" hits="1" branch="false" />
              </lines>
            </method>
            <method name="ShowArtStatTest" signature="()" line-rate="0.666666666666667" branch-rate="0.583333333333333" complexity="12">
              <lines>
                <line number="296" hits="1" branch="false" />
                <line number="298" hits="1" branch="false" />
                <line number="301" hits="1" branch="false" />
                <line number="302" hits="1" branch="false" />
                <line number="303" hits="1" branch="false" />
                <line number="304" hits="1" branch="false" />
                <line number="305" hits="1" branch="false" />
                <line number="306" hits="1" branch="false" />
                <line number="309" hits="17" branch="true" condition-coverage="100% (2/2)" />
                <line number="310" hits="7" branch="false" />
                <line number="311" hits="7" branch="true" condition-coverage="100% (2/2)" />
                <line number="312" hits="1" branch="false" />
                <line number="313" hits="9" branch="true" condition-coverage="100% (2/2)" />
                <line number="314" hits="3" branch="false" />
                <line number="315" hits="3" branch="false" />
                <line number="316" hits="9" branch="true" condition-coverage="50% (1/2)" />
                <line number="317" hits="0" branch="false" />
                <line number="318" hits="0" branch="true" condition-coverage="0% (0/2)" />
                <line number="319" hits="0" branch="false" />
                <line number="320" hits="0" branch="false" />
                <line number="321" hits="0" branch="true" condition-coverage="0% (0/2)" />
                <line number="322" hits="0" branch="false" />
                <line number="323" hits="0" branch="false" />
                <line number="324" hits="0" branch="false" />
                <line number="325" hits="0" branch="false" />
                <line number="327" hits="0" branch="false" />
                <line number="328" hits="3" branch="false" />
                <line number="329" hits="1" branch="false" />
                <line number="330" hits="7" branch="false" />
                <line number="332" hits="1" branch="false" />
              </lines>
            </method>
            <method name=".ctor" signature="()" line-rate="1" branch-rate="1" complexity="1">
              <lines>
                <line number="92" hits="1" branch="false" />
                <line number="93" hits="1" branch="false" />
              </lines>
            </method>
          </methods>
          <lines>
            <line number="15" hits="1" branch="false" />
            <line number="17" hits="1" branch="false" />
            <line number="18" hits="1" branch="false" />
            <line number="19" hits="1" branch="false" />
            <line number="20" hits="1" branch="false" />
            <line number="21" hits="1" branch="false" />
            <line number="25" hits="1" branch="false" />
            <line number="28" hits="1" branch="false" />
            <line number="29" hits="5" branch="true" condition-coverage="100% (2/2)" />
            <line number="30" hits="1" branch="false" />
            <line number="31" hits="1" branch="true" condition-coverage="100% (2/2)" />
            <line number="32" hits="1" branch="false" />
            <line number="33" hits="1" branch="false" />
            <line number="34" hits="1" branch="false" />
            <line number="35" hits="1" branch="false" />
            <line number="36" hits="1" branch="false" />
            <line number="39" hits="1" branch="false" />
            <line number="41" hits="1" branch="false" />
            <line number="42" hits="1" branch="false" />
            <line number="43" hits="1" branch="false" />
            <line number="44" hits="1" branch="false" />
            <line number="45" hits="1" branch="false" />
            <line number="49" hits="1" branch="false" />
            <line number="52" hits="1" branch="false" />
            <line number="53" hits="5" branch="true" condition-coverage="100% (2/2)" />
            <line number="54" hits="1" branch="false" />
            <line number="55" hits="1" branch="true" condition-coverage="100% (2/2)" />
            <line number="56" hits="1" branch="false" />
            <line number="57" hits="1" branch="false" />
            <line number="58" hits="1" branch="false" />
            <line number="59" hits="1" branch="false" />
            <line number="60" hits="1" branch="false" />
            <line number="63" hits="1" branch="false" />
            <line number="65" hits="1" branch="false" />
            <line number="66" hits="1" branch="false" />
            <line number="67" hits="1" branch="false" />
            <line number="68" hits="1" branch="false" />
            <line number="69" hits="1" branch="false" />
            <line number="73" hits="1" branch="false" />
            <line number="76" hits="1" branch="false" />
            <line number="77" hits="5" branch="true" condition-coverage="100% (2/2)" />
            <line number="78" hits="1" branch="false" />
            <line number="79" hits="1" branch="true" condition-coverage="100% (2/2)" />
            <line number="80" hits="1" branch="false" />
            <line number="81" hits="1" branch="false" />
            <line number="82" hits="1" branch="false" />
            <line number="83" hits="1" branch="false" />
            <line number="84" hits="1" branch="false" />
            <line number="92" hits="1" branch="false" />
            <line number="93" hits="1" branch="false" />
            <line number="97" hits="1" branch="false" />
            <line number="102" hits="1" branch="false" />
            <line number="103" hits="1" branch="false" />
            <line number="105" hits="17" branch="true" condition-coverage="100% (2/2)" />
            <line number="106" hits="7" branch="false" />
            <line number="107" hits="7" branch="true" condition-coverage="100% (2/2)" />
            <line number="108" hits="1" branch="false" />
            <line number="109" hits="1" branch="false" />
            <line number="110" hits="1" branch="false" />
            <line number="111" hits="7" branch="false" />
            <line number="113" hits="1" branch="false" />
            <line number="117" hits="1" branch="false" />
            <line number="119" hits="1" branch="false" />
            <line number="121" hits="1" branch="false" />
            <line number="122" hits="1" branch="false" />
            <line number="124" hits="63" branch="true" condition-coverage="100% (2/2)" />
            <line number="125" hits="30" branch="false" />
            <line number="126" hits="30" branch="true" condition-coverage="100% (2/2)" />
            <line number="127" hits="12" branch="false" />
            <line number="128" hits="12" branch="false" />
            <line number="129" hits="12" branch="false" />
            <line number="130" hits="30" branch="false" />
            <line number="132" hits="1" branch="false" />
            <line number="135" hits="1" branch="false" />
            <line number="139" hits="1" branch="false" />
            <line number="140" hits="1" branch="false" />
            <line number="141" hits="1" branch="false" />
            <line number="142" hits="1" branch="false" />
            <line number="144" hits="55" branch="true" condition-coverage="100% (2/2)" />
            <line number="145" hits="26" branch="false" />
            <line number="146" hits="26" branch="true" condition-coverage="100% (2/2)" />
            <line number="147" hits="6" branch="false" />
            <line number="148" hits="6" branch="false" />
            <line number="149" hits="6" branch="false" />
            <line number="150" hits="26" branch="false" />
            <line number="152" hits="1" branch="false" />
            <line number="156" hits="1" branch="false" />
            <line number="160" hits="1" branch="false" />
            <line number="161" hits="1" branch="false" />
            <line number="162" hits="1" branch="false" />
            <line number="163" hits="1" branch="false" />
            <line number="165" hits="17" branch="true" condition-coverage="100% (2/2)" />
            <line number="166" hits="7" branch="false" />
            <line number="167" hits="7" branch="true" condition-coverage="50% (1/2)" />
            <line number="168" hits="0" branch="false" />
            <line number="169" hits="0" branch="false" />
            <line number="170" hits="0" branch="false" />
            <line number="171" hits="7" branch="false" />
            <line number="173" hits="1" branch="false" />
            <line number="176" hits="1" branch="false" />
            <line number="180" hits="1" branch="false" />
            <line number="181" hits="1" branch="false" />
            <line number="183" hits="9" branch="true" condition-coverage="100% (2/2)" />
            <line number="184" hits="3" branch="false" />
            <line number="185" hits="3" branch="true" condition-coverage="100% (2/2)" />
            <line number="186" hits="1" branch="false" />
            <line number="187" hits="1" branch="false" />
            <line number="188" hits="1" branch="false" />
            <line number="189" hits="3" branch="false" />
            <line number="191" hits="1" branch="false" />
            <line number="194" hits="1" branch="false" />
            <line number="198" hits="1" branch="false" />
            <line number="199" hits="1" branch="false" />
            <line number="201" hits="17" branch="true" condition-coverage="100% (2/2)" />
            <line number="202" hits="7" branch="false" />
            <line number="203" hits="7" branch="false" />
            <line number="204" hits="21" branch="true" condition-coverage="50% (1/2)" />
            <line number="205" hits="0" branch="false" />
            <line number="206" hits="0" branch="true" condition-coverage="0% (0/2)" />
            <line number="207" hits="0" branch="false" />
            <line number="208" hits="0" branch="false" />
            <line number="209" hits="0" branch="false" />
            <line number="210" hits="0" branch="false" />
            <line number="211" hits="7" branch="false" />
            <line number="212" hits="1" branch="false" />
            <line number="215" hits="1" branch="false" />
            <line number="217" hits="1" branch="false" />
            <line number="220" hits="1" branch="false" />
            <line number="221" hits="1" branch="false" />
            <line number="222" hits="1" branch="false" />
            <line number="225" hits="9" branch="true" condition-coverage="100% (2/2)" />
            <line number="226" hits="3" branch="false" />
            <line number="227" hits="3" branch="true" condition-coverage="50% (1/2)" />
            <line number="228" hits="0" branch="false" />
            <line number="229" hits="0" branch="false" />
            <line number="230" hits="0" branch="false" />
            <line number="231" hits="3" branch="false" />
            <line number="233" hits="1" branch="false" />
            <line number="236" hits="1" branch="false" />
            <line number="241" hits="1" branch="false" />
            <line number="242" hits="1" branch="false" />
            <line number="243" hits="1" branch="false" />
            <line number="244" hits="1" branch="false" />
            <line number="245" hits="1" branch="false" />
            <line number="247" hits="17" branch="true" condition-coverage="100% (2/2)" />
            <line number="248" hits="7" branch="false" />
            <line number="249" hits="7" branch="true" condition-coverage="100% (2/2)" />
            <line number="250" hits="1" branch="false" />
            <line number="251" hits="1" branch="false" />
            <line number="252" hits="3" branch="true" condition-coverage="50% (1/2)" />
            <line number="253" hits="0" branch="false" />
            <line number="254" hits="0" branch="false" />
            <line number="255" hits="0" branch="true" condition-coverage="0% (0/2)" />
            <line number="256" hits="0" branch="false" />
            <line number="257" hits="0" branch="false" />
            <line number="258" hits="0" branch="false" />
            <line number="259" hits="0" branch="false" />
            <line number="260" hits="1" branch="false" />
            <line number="261" hits="7" branch="false" />
            <line number="263" hits="1" branch="false" />
            <line number="266" hits="1" branch="false" />
            <line number="268" hits="1" branch="false" />
            <line number="271" hits="1" branch="false" />
            <line number="272" hits="1" branch="false" />
            <line number="273" hits="1" branch="false" />
            <line number="274" hits="1" branch="false" />
            <line number="277" hits="17" branch="true" condition-coverage="100% (2/2)" />
            <line number="278" hits="7" branch="false" />
            <line number="279" hits="7" branch="true" condition-coverage="100% (2/2)" />
            <line number="280" hits="1" branch="false" />
            <line number="281" hits="1" branch="false" />
            <line number="282" hits="3" branch="true" condition-coverage="50% (1/2)" />
            <line number="283" hits="0" branch="false" />
            <line number="284" hits="0" branch="false" />
            <line number="285" hits="0" branch="true" condition-coverage="0% (0/2)" />
            <line number="286" hits="0" branch="false" />
            <line number="287" hits="0" branch="false" />
            <line number="288" hits="0" branch="false" />
            <line number="289" hits="0" branch="false" />
            <line number="290" hits="1" branch="false" />
            <line number="291" hits="7" branch="false" />
            <line number="293" hits="1" branch="false" />
            <line number="296" hits="1" branch="false" />
            <line number="298" hits="1" branch="false" />
            <line number="301" hits="1" branch="false" />
            <line number="302" hits="1" branch="false" />
            <line number="303" hits="1" branch="false" />
            <line number="304" hits="1" branch="false" />
            <line number="305" hits="1" branch="false" />
            <line number="306" hits="1" branch="false" />
            <line number="309" hits="17" branch="true" condition-coverage="100% (2/2)" />
            <line number="310" hits="7" branch="false" />
            <line number="311" hits="7" branch="true" condition-coverage="100% (2/2)" />
            <line number="312" hits="1" branch="false" />
            <line number="313" hits="9" branch="true" condition-coverage="100% (2/2)" />
            <line number="314" hits="3" branch="false" />
            <line number="315" hits="3" branch="false" />
            <line number="316" hits="9" branch="true" condition-coverage="50% (1/2)" />
            <line number="317" hits="0" branch="false" />
            <line number="318" hits="0" branch="true" condition-coverage="0% (0/2)" />
            <line number="319" hits="0" branch="false" />
            <line number="320" hits="0" branch="false" />
            <line number="321" hits="0" branch="true" condition-coverage="0% (0/2)" />
            <line number="322" hits="0" branch="false" />
            <line number="323" hits="0" branch="false" />
            <line number="324" hits="0" branch="false" />
            <line number="325" hits="0" branch="false" />
            <line number="327" hits="0" branch="false" />
            <line number="328" hits="3" branch="false" />
            <line number="329" hits="1" branch="false" />
            <line number="330" hits="7" branch="false" />
            <line number="332" hits="1" branch="false" />
          </lines>
        </class>
      </classes>
    </package>
  </packages>
</coverage>